f:\weatherapp\weatherapp\x64\debug\vc143.pdb
f:\weatherapp\weatherapp\x64\debug\vc143.idb
f:\weatherapp\weatherapp\x64\debug\weatherapp.obj
f:\weatherapp\weatherapp\x64\debug\stb_image.obj
f:\weatherapp\weatherapp\x64\debug\imgui_widgets.obj
f:\weatherapp\weatherapp\x64\debug\imgui_tables.obj
f:\weatherapp\weatherapp\x64\debug\imgui_impl_opengl3.obj
f:\weatherapp\weatherapp\x64\debug\imgui_impl_glfw.obj
f:\weatherapp\weatherapp\x64\debug\imgui_draw.obj
f:\weatherapp\weatherapp\x64\debug\imgui_demo.obj
f:\weatherapp\weatherapp\x64\debug\imgui.obj
f:\weatherapp\weatherapp\x64\debug\cityweather.obj
f:\weatherapp\weatherapp\x64\debug\implot_items.obj
f:\weatherapp\weatherapp\x64\debug\implot_demo.obj
f:\weatherapp\weatherapp\x64\debug\implot.obj
f:\weatherapp\x64\debug\weatherapp.exe
f:\weatherapp\x64\debug\weatherapp.pdb
f:\weatherapp\weatherapp\x64\debug\weatherapp.ilk
f:\weatherapp\weatherapp\x64\debug\weatherapp.tlog\cl.command.1.tlog
f:\weatherapp\weatherapp\x64\debug\weatherapp.tlog\cl.items.tlog
f:\weatherapp\weatherapp\x64\debug\weatherapp.tlog\cl.read.1.tlog
f:\weatherapp\weatherapp\x64\debug\weatherapp.tlog\cl.write.1.tlog
f:\weatherapp\weatherapp\x64\debug\weatherapp.tlog\link.command.1.tlog
f:\weatherapp\weatherapp\x64\debug\weatherapp.tlog\link.read.1.tlog
f:\weatherapp\weatherapp\x64\debug\weatherapp.tlog\link.secondary.1.tlog
f:\weatherapp\weatherapp\x64\debug\weatherapp.tlog\link.write.1.tlog
